<?xml version="1.0" encoding="UTF-8"?>
<!-- Generated by org.testng.reporters.JUnitReportReporter -->
<testsuite hostname="DESKTOP-ID316MU" failures="0" tests="1" name="com.FW.DataDrivenDemo" time="24.129" errors="0" timestamp="2025-02-20T12:13:01 IST" skipped="0">
  <testcase classname="com.FW.DataDrivenDemo" name="test" time="24.129"/>
  <system-out/>
</testsuite> <!-- com.FW.DataDrivenDemo -->
