<?xml version="1.0" encoding="UTF-8"?>
<!-- Generated by org.testng.reporters.JUnitReportReporter -->
<testsuite hostname="DESKTOP-ID316MU" failures="0" tests="2" name="com.testng.TestNGAnnotations" time="0.009" errors="0" timestamp="2025-02-15T11:52:14 IST" skipped="0">
  <testcase classname="com.testng.TestNGAnnotations" name="test" time="0.007"/>
  <system-out/>
  <testcase classname="com.testng.TestNGAnnotations" name="test1" time="0.002"/>
  <system-out/>
</testsuite> <!-- com.testng.TestNGAnnotations -->
