<?xml version="1.0" encoding="UTF-8"?>
<!-- Generated by org.testng.reporters.JUnitReportReporter -->
<testsuite hostname="DESKTOP-ID316MU" failures="0" tests="4" name="com.testng.TestNGPriority" time="0.013" errors="0" timestamp="2025-02-15T11:34:18 IST" skipped="0">
  <testcase classname="com.testng.TestNGPriority" name="fest" time="0.009"/>
  <system-out/>
  <testcase classname="com.testng.TestNGPriority" name="test" time="0.002"/>
  <system-out/>
  <testcase classname="com.testng.TestNGPriority" name="nest" time="0.001"/>
  <system-out/>
  <testcase classname="com.testng.TestNGPriority" name="best" time="0.001"/>
  <system-out/>
</testsuite> <!-- com.testng.TestNGPriority -->
