<?xml version="1.0" encoding="UTF-8"?>
<!-- Generated by org.testng.reporters.JUnitReportReporter -->
<testsuite hostname="DESKTOP-ID316MU" failures="0" tests="4" name="com.testng.TestNGGroup" time="0.013" errors="0" timestamp="2025-02-18T11:21:33 IST" skipped="0">
  <testcase classname="com.testng.TestNGGroup" name="green1" time="0.010"/>
  <system-out/>
  <testcase classname="com.testng.TestNGGroup" name="green2" time="0.001"/>
  <system-out/>
  <testcase classname="com.testng.TestNGGroup" name="greenandred" time="0.001"/>
  <system-out/>
  <testcase classname="com.testng.TestNGGroup" name="green3" time="0.001"/>
  <system-out/>
</testsuite> <!-- com.testng.TestNGGroup -->
