<?xml version="1.0" encoding="UTF-8"?>
<!-- Generated by org.testng.reporters.JUnitReportReporter -->
<testsuite hostname="DESKTOP-ID316MU" failures="0" tests="5" name="com.testng.TestNGDependsOn" time="12.938" errors="0" timestamp="2025-02-15T12:27:11 IST" skipped="0">
  <testcase classname="com.testng.TestNGDependsOn" name="enterUsername" time="2.135"/>
  <system-out/>
  <testcase classname="com.testng.TestNGDependsOn" name="after" time="0.145"/>
  <system-out/>
  <testcase classname="com.testng.TestNGDependsOn" name="clickLogin" time="2.097"/>
  <system-out/>
  <testcase classname="com.testng.TestNGDependsOn" name="enterPassword" time="2.057"/>
  <system-out/>
  <testcase classname="com.testng.TestNGDependsOn" name="before" time="6.504"/>
  <system-out/>
</testsuite> <!-- com.testng.TestNGDependsOn -->
