<?xml version="1.0" encoding="UTF-8"?>
<!-- Generated by org.testng.reporters.JUnitReportReporter -->
<testsuite hostname="DESKTOP-ID316MU" failures="0" tests="2" name="com.testng.TestNGParameter" time="22.920" errors="0" timestamp="2025-02-18T11:48:28 IST" skipped="0">
  <testcase classname="com.testng.TestNGParameter" name="f" time="11.231"/>
  <system-out/>
  <testcase classname="com.testng.TestNGParameter" name="f" time="11.689"/>
  <system-out/>
</testsuite> <!-- com.testng.TestNGParameter -->
