<?xml version="1.0" encoding="UTF-8"?>
<!-- Generated by org.testng.reporters.JUnitReportReporter -->
<testsuite hostname="DESKTOP-ID316MU" failures="0" tests="3" name="com.testng.TestNGWebdriver" time="6.245" errors="0" timestamp="2025-02-15T12:08:52 IST" skipped="0">
  <testcase classname="com.testng.TestNGWebdriver" name="enterUsername" time="2.085"/>
  <system-out/>
  <testcase classname="com.testng.TestNGWebdriver" name="enterPassword" time="2.055"/>
  <system-out/>
  <testcase classname="com.testng.TestNGWebdriver" name="clickLogin" time="2.105"/>
  <system-out/>
</testsuite> <!-- com.testng.TestNGWebdriver -->
